<?xml version="1.0" encoding="UTF-8"?>
<testng-results ignored="0" total="2" passed="2" failed="0" skipped="0">
  <reporter-output>
  </reporter-output>
  <suite started-at="2023-07-14T16:08:55 IST" name="Default suite" finished-at="2023-07-14T16:10:32 IST" duration-ms="97326">
    <groups>
      <group name="cucumber">
        <method signature="AbstractTestNGCucumberTests.runScenario(io.cucumber.testng.PickleWrapper,io.cucumber.testng.FeatureWrapper)[pri:0, instance:testRunner.Runner@61c4eee0]" name="runScenario" class="io.cucumber.testng.AbstractTestNGCucumberTests"/>
      </group> <!-- cucumber -->
    </groups>
    <test started-at="2023-07-14T16:08:55 IST" name="Default test" finished-at="2023-07-14T16:10:32 IST" duration-ms="97326">
      <class name="testRunner.Runner">
        <test-method is-config="true" signature="setUpClass(org.testng.ITestContext)[pri:0, instance:testRunner.Runner@61c4eee0]" started-at="2023-07-14T16:08:55 IST" name="setUpClass" finished-at="2023-07-14T16:08:58 IST" duration-ms="2793" status="PASS">
          <params>
            <param index="0">
              <value>
                <![CDATA[org.testng.TestRunner@2ae5bd34]]>
              </value>
            </param>
          </params>
          <reporter-output>
          </reporter-output>
        </test-method> <!-- setUpClass -->
        <test-method signature="runScenario(io.cucumber.testng.PickleWrapper,io.cucumber.testng.FeatureWrapper)[pri:0, instance:testRunner.Runner@61c4eee0]" started-at="2023-07-14T16:08:58 IST" name="runScenario" description="Runs Cucumber Scenarios" data-provider="scenarios" finished-at="2023-07-14T16:09:34 IST" duration-ms="35469" status="PASS">
          <params>
            <param index="0">
              <value>
                <![CDATA["Check if user is unable to login"]]>
              </value>
            </param>
            <param index="1">
              <value>
                <![CDATA["Check product name and quantity in cart"]]>
              </value>
            </param>
          </params>
          <reporter-output>
          </reporter-output>
        </test-method> <!-- runScenario -->
        <test-method signature="runScenario(io.cucumber.testng.PickleWrapper,io.cucumber.testng.FeatureWrapper)[pri:0, instance:testRunner.Runner@61c4eee0]" started-at="2023-07-14T16:09:34 IST" name="runScenario" description="Runs Cucumber Scenarios" data-provider="scenarios" finished-at="2023-07-14T16:10:32 IST" duration-ms="58606" status="PASS">
          <params>
            <param index="0">
              <value>
                <![CDATA["Search a product and verify in cart"]]>
              </value>
            </param>
            <param index="1">
              <value>
                <![CDATA["Check product name and quantity in cart"]]>
              </value>
            </param>
          </params>
          <reporter-output>
          </reporter-output>
        </test-method> <!-- runScenario -->
        <test-method is-config="true" signature="tearDownClass()[pri:0, instance:testRunner.Runner@61c4eee0]" started-at="2023-07-14T16:10:32 IST" name="tearDownClass" finished-at="2023-07-14T16:10:32 IST" duration-ms="252" status="PASS">
          <reporter-output>
          </reporter-output>
        </test-method> <!-- tearDownClass -->
      </class> <!-- testRunner.Runner -->
    </test> <!-- Default test -->
  </suite> <!-- Default suite -->
</testng-results>
